<?xml version="1.0" encoding="UTF-8"?>
<testsuite xmlns:xsi="http://www.w3.org/2001/XMLSchema-instance" xsi:noNamespaceSchemaLocation="https://maven.apache.org/surefire/maven-surefire-plugin/xsd/surefire-test-report.xsd" name="test.RedisTest" time="14.232" tests="3" errors="0" skipped="0" failures="0">
  <properties>
[...]
</properties>
  <testcase name="testRedis" classname="test.RedisTest" time="1.408"/>
  <testcase name="testHash" classname="test.RedisTest" time="0.017"/>
  <testcase name="testRedis2" classname="test.RedisTest" time="0.01"/>
</testsuite>