<?xml version="1.0" encoding="UTF-8"?>
<testsuite xmlns:xsi="http://www.w3.org/2001/XMLSchema-instance" xsi:noNamespaceSchemaLocation="https://maven.apache.org/surefire/maven-surefire-plugin/xsd/surefire-test-report.xsd" name="com.leyou.auth.test.JwtTest" time="1.042" tests="3" errors="1" skipped="0" failures="0">
  <properties>
[...]
</properties>
  <testcase name="testParseToken" classname="com.leyou.auth.test.JwtTest" time="0.706">
    <error message="JWT expired at 2020-03-14T00:07:34Z. Current time: 2020-03-14T01:07:34Z, a difference of 3600042 milliseconds.  Allowed clock skew: 0 milliseconds." type="io.jsonwebtoken.ExpiredJwtException">io.jsonwebtoken.ExpiredJwtException: JWT expired at 2020-03-14T00:07:34Z. Current time: 2020-03-14T01:07:34Z, a difference of 3600042 milliseconds.  Allowed clock skew: 0 milliseconds.
	at com.leyou.auth.test.JwtTest.testParseToken(JwtTest.java:45)
</error>
  </testcase>
  <testcase name="testRsa" classname="com.leyou.auth.test.JwtTest" time="0.135"/>
  <testcase name="testGenerateToken" classname="com.leyou.auth.test.JwtTest" time="0.108"/>
</testsuite>